<?xml version="1.0" encoding="UTF-8"?>
<!-- Generated by org.testng.reporters.JUnitReportReporter -->
<testsuite skipped="0" hostname="banner.local" name="com.exiu.tester.carowener.sharesocial.Test034_LocalFriends" tests="1" failures="0" timestamp="03 七月 2017 08:52:39 GMT" time="69.964" errors="0">
  <testcase name="相同爱车_设置" time="69.964" classname="com.exiu.tester.carowener.sharesocial.Test034_LocalFriends"/>
</testsuite> <!-- com.exiu.tester.carowener.sharesocial.Test034_LocalFriends -->
