<?xml version="1.0" encoding="UTF-8"?>
<!-- Generated by org.testng.reporters.JUnitReportReporter -->
<testsuite skipped="0" hostname="banner.local" name="com.exiu.tester.carowener.my.Test031_Fans" tests="1" failures="0" timestamp="30 六月 2017 10:33:51 GMT" time="67.517" errors="0">
  <testcase name="粉丝" time="67.517" classname="com.exiu.tester.carowener.my.Test031_Fans"/>
</testsuite> <!-- com.exiu.tester.carowener.my.Test031_Fans -->
