<?xml version="1.0" encoding="UTF-8"?>
<!-- Generated by org.testng.reporters.JUnitReportReporter -->
<testsuite skipped="0" hostname="banner.local" name="com.exiu.tester.carowener.my.Test029_History" tests="1" failures="0" timestamp="30 六月 2017 03:08:32 GMT" time="45.155" errors="0">
  <testcase name="历史记录" time="45.155" classname="com.exiu.tester.carowener.my.Test029_History"/>
</testsuite> <!-- com.exiu.tester.carowener.my.Test029_History -->
