<?xml version="1.0" encoding="UTF-8"?>
<!-- Generated by org.testng.reporters.JUnitReportReporter -->
<testsuite skipped="0" hostname="banner.local" name="com.exiu.tester.carowener.Chatting.Test038_AddressBook" tests="4" failures="0" timestamp="05 七月 2017 11:36:54 GMT" time="266.806" errors="0">
  <testcase name="通讯录_新的朋友" time="124.294" classname="com.exiu.tester.carowener.Chatting.Test038_AddressBook"/>
  <testcase name="通讯录_我的群组" time="44.850" classname="com.exiu.tester.carowener.Chatting.Test038_AddressBook"/>
  <testcase name="通讯录_我的顾问" time="54.897" classname="com.exiu.tester.carowener.Chatting.Test038_AddressBook"/>
  <testcase name="通讯录_我的客户" time="42.765" classname="com.exiu.tester.carowener.Chatting.Test038_AddressBook"/>
</testsuite> <!-- com.exiu.tester.carowener.Chatting.Test038_AddressBook -->
