<?xml version="1.0" encoding="UTF-8"?>
<!-- Generated by org.testng.reporters.JUnitReportReporter -->
<testsuite skipped="0" hostname="banner.local" name="com.exiu.tester.carowener.my.Test026_Personalinformation_MyHomePage" tests="1" failures="0" timestamp="29 六月 2017 06:20:52 GMT" time="189.285" errors="0">
  <testcase name="我的主页" time="189.285" classname="com.exiu.tester.carowener.my.Test026_Personalinformation_MyHomePage"/>
</testsuite> <!-- com.exiu.tester.carowener.my.Test026_Personalinformation_MyHomePage -->
