<?xml version="1.0" encoding="UTF-8"?>
<!-- Generated by org.testng.reporters.JUnitReportReporter -->
<testsuite skipped="0" hostname="banner.local" name="com.exiu.tester.carowener.home.Test008_CarAgent" tests="4" failures="0" timestamp="31 五月 2017 01:54:53 GMT" time="129.845" errors="0">
  <testcase name="代办审车" time="33.863" classname="com.exiu.tester.carowener.home.Test008_CarAgent"/>
  <testcase name="带教罚款" time="32.165" classname="com.exiu.tester.carowener.home.Test008_CarAgent"/>
  <testcase name="过户" time="32.667" classname="com.exiu.tester.carowener.home.Test008_CarAgent"/>
  <testcase name="其他" time="31.150" classname="com.exiu.tester.carowener.home.Test008_CarAgent"/>
</testsuite> <!-- com.exiu.tester.carowener.home.Test008_CarAgent -->
