<?xml version="1.0" encoding="UTF-8"?>
<!-- Generated by org.testng.reporters.JUnitReportReporter -->
<testsuite skipped="0" hostname="banner.local" name="com.exiu.tester.carowener.my.Test023_Personalinformation_MyCard" tests="1" failures="0" timestamp="26 六月 2017 03:41:16 GMT" time="89.493" errors="0">
  <testcase name="个人信息" time="89.493" classname="com.exiu.tester.carowener.my.Test023_Personalinformation_MyCard"/>
</testsuite> <!-- com.exiu.tester.carowener.my.Test023_Personalinformation_MyCard -->
