<?xml version="1.0" encoding="UTF-8"?>
<!-- Generated by org.testng.reporters.JUnitReportReporter -->
<testsuite skipped="0" hostname="banner.local" name="com.exiu.tester.carowener.home.Test004_City" tests="1" failures="0" timestamp="28 六月 2017 06:05:26 GMT" time="141.502" errors="0">
  <testcase name="更换城市" time="141.502" classname="com.exiu.tester.carowener.home.Test004_City"/>
</testsuite> <!-- com.exiu.tester.carowener.home.Test004_City -->
