<?xml version="1.0" encoding="UTF-8"?>
<!-- Generated by org.testng.reporters.JUnitReportReporter -->
<testsuite skipped="0" hostname="banner.local" name="com.exiu.tester.carowener.my.Test029_Personalinformation_History" tests="1" failures="0" timestamp="30 六月 2017 02:18:47 GMT" time="40.600" errors="0">
  <testcase name="历史记录" time="40.600" classname="com.exiu.tester.carowener.my.Test029_Personalinformation_History"/>
</testsuite> <!-- com.exiu.tester.carowener.my.Test029_Personalinformation_History -->
