<?xml version="1.0" encoding="UTF-8"?>
<!-- Generated by org.testng.reporters.JUnitReportReporter -->
<testsuite skipped="0" hostname="banner.local" name="com.exiu.tester.carowener.sharecarpool.Test041_CarLookingForPeople" tests="1" failures="0" timestamp="17 七月 2017 06:04:12 GMT" time="165.202" errors="0">
  <testcase name="车找人" time="165.202" classname="com.exiu.tester.carowener.sharecarpool.Test041_CarLookingForPeople"/>
</testsuite> <!-- com.exiu.tester.carowener.sharecarpool.Test041_CarLookingForPeople -->
