<?xml version="1.0" encoding="UTF-8"?>
<!-- Generated by org.testng.reporters.JUnitReportReporter -->
<testsuite skipped="0" hostname="banner.local" name="com.exiu.tester.carowener.my.Test030_Personalinformation_Promotion" tests="1" failures="0" timestamp="30 六月 2017 02:43:03 GMT" time="87.136" errors="0">
  <testcase name="推广赚钱" time="87.136" classname="com.exiu.tester.carowener.my.Test030_Personalinformation_Promotion"/>
</testsuite> <!-- com.exiu.tester.carowener.my.Test030_Personalinformation_Promotion -->
