<?xml version="1.0" encoding="UTF-8"?>
<!-- Generated by org.testng.reporters.JUnitReportReporter -->
<testsuite skipped="0" hostname="banner.local" name="com.exiu.tester.carowener.sharesocial.Test006_HotJoke" tests="1" failures="0" timestamp="12 七月 2017 03:43:40 GMT" time="74.414" errors="0">
  <testcase name="热点笑话" time="74.414" classname="com.exiu.tester.carowener.sharesocial.Test006_HotJoke"/>
</testsuite> <!-- com.exiu.tester.carowener.sharesocial.Test006_HotJoke -->
