<?xml version="1.0" encoding="UTF-8"?>
<!-- Generated by org.testng.reporters.JUnitReportReporter -->
<testsuite skipped="0" hostname="banner.local" name="com.exiu.tester.carowener.home.Test019_CarServerSelect" tests="1" failures="0" timestamp="20 六月 2017 07:09:33 GMT" time="83.145" errors="0">
  <testcase name="服务类别" time="83.145" classname="com.exiu.tester.carowener.home.Test019_CarServerSelect"/>
</testsuite> <!-- com.exiu.tester.carowener.home.Test019_CarServerSelect -->
