<?xml version="1.0" encoding="UTF-8"?>
<!-- Generated by org.testng.reporters.JUnitReportReporter -->
<testsuite skipped="0" hostname="banner.local" name="com.exiu.tester.carowener.my.Test024_Personalinformation_CarInfo" tests="1" failures="0" timestamp="26 六月 2017 12:54:31 GMT" time="243.829" errors="0">
  <testcase name="爱车信息" time="243.829" classname="com.exiu.tester.carowener.my.Test024_Personalinformation_CarInfo"/>
</testsuite> <!-- com.exiu.tester.carowener.my.Test024_Personalinformation_CarInfo -->
