<?xml version="1.0" encoding="UTF-8"?>
<!-- Generated by org.testng.reporters.JUnitReportReporter -->
<testsuite skipped="0" hostname="banner.local" name="com.exiu.tester.carowener.my.Test022_Personalinformation_MyOrder" tests="1" failures="0" timestamp="23 六月 2017 08:57:38 GMT" time="68.997" errors="0">
  <testcase name="个人信息" time="68.997" classname="com.exiu.tester.carowener.my.Test022_Personalinformation_MyOrder"/>
</testsuite> <!-- com.exiu.tester.carowener.my.Test022_Personalinformation_MyOrder -->
