<?xml version="1.0" encoding="UTF-8"?>
<!-- Generated by org.testng.reporters.JUnitReportReporter -->
<testsuite skipped="0" hostname="banner.local" name="com.exiu.tester.carowener.home.Test015_CityLimitLine" tests="1" failures="0" timestamp="23 六月 2017 07:28:59 GMT" time="73.796" errors="0">
  <testcase name="城市限行" time="73.796" classname="com.exiu.tester.carowener.home.Test015_CityLimitLine"/>
</testsuite> <!-- com.exiu.tester.carowener.home.Test015_CityLimitLine -->
