<?xml version="1.0" encoding="UTF-8"?>
<!-- Generated by org.testng.reporters.JUnitReportReporter -->
<testsuite skipped="0" hostname="banner.local" name="com.exiu.tester.carowener.home.Test012_FreeTicket" tests="3" failures="0" timestamp="07 六月 2017 08:11:24 GMT" time="83.267" errors="0">
  <testcase name="领券中心" time="27.448" classname="com.exiu.tester.carowener.home.Test012_FreeTicket"/>
  <testcase name="特价服务" time="28.226" classname="com.exiu.tester.carowener.home.Test012_FreeTicket"/>
  <testcase name="特价商品" time="27.593" classname="com.exiu.tester.carowener.home.Test012_FreeTicket"/>
</testsuite> <!-- com.exiu.tester.carowener.home.Test012_FreeTicket -->
