<?xml version="1.0" encoding="UTF-8"?>
<!-- Generated by org.testng.reporters.JUnitReportReporter -->
<testsuite skipped="0" hostname="banner.local" name="com.exiu.tester.carowener.home.Test003_CarServer" tests="8" failures="0" timestamp="03 七月 2017 06:30:31 GMT" time="473.020" errors="0">
  <testcase name="修车" time="41.004" classname="com.exiu.tester.carowener.home.Test003_CarServer"/>
  <testcase name="洗车" time="40.290" classname="com.exiu.tester.carowener.home.Test003_CarServer"/>
  <testcase name="停车" time="108.687" classname="com.exiu.tester.carowener.home.Test003_CarServer"/>
  <testcase name="钥匙店" time="38.552" classname="com.exiu.tester.carowener.home.Test003_CarServer"/>
  <testcase name="加油站" time="112.188" classname="com.exiu.tester.carowener.home.Test003_CarServer"/>
  <testcase name="四S店" time="53.242" classname="com.exiu.tester.carowener.home.Test003_CarServer"/>
  <testcase name="轮胎服务" time="39.552" classname="com.exiu.tester.carowener.home.Test003_CarServer"/>
  <testcase name="汽车用品" time="39.505" classname="com.exiu.tester.carowener.home.Test003_CarServer"/>
</testsuite> <!-- com.exiu.tester.carowener.home.Test003_CarServer -->
