<?xml version="1.0" encoding="UTF-8"?>
<!-- Generated by org.testng.reporters.JUnitReportReporter -->
<testsuite skipped="0" hostname="banner.local" name="com.exiu.tester.carowener.home.Test020_BankPacks" tests="1" failures="0" timestamp="19 六月 2017 11:49:40 GMT" time="105.740" errors="0">
  <testcase name="建行大礼包_无鲁通卡用户领取" time="105.740" classname="com.exiu.tester.carowener.home.Test020_BankPacks"/>
</testsuite> <!-- com.exiu.tester.carowener.home.Test020_BankPacks -->
