<?xml version="1.0" encoding="UTF-8"?>
<!-- Generated by org.testng.reporters.JUnitReportReporter -->
<testsuite skipped="0" hostname="banner.local" name="com.exiu.tester.carowener.Chatting.Test037_Yixin" tests="1" failures="0" timestamp="06 七月 2017 08:18:13 GMT" time="93.104" errors="0">
  <testcase name="逸信" time="93.104" classname="com.exiu.tester.carowener.Chatting.Test037_Yixin"/>
</testsuite> <!-- com.exiu.tester.carowener.Chatting.Test037_Yixin -->
