<?xml version="1.0" encoding="UTF-8"?>
<!-- Generated by org.testng.reporters.JUnitReportReporter -->
<testsuite skipped="0" hostname="banner.local" name="com.exiu.tester.carowener.my.Test027_Personalinformation_Favorites" tests="1" failures="0" timestamp="29 六月 2017 07:24:46 GMT" time="49.144" errors="0">
  <testcase name="专家" time="49.144" classname="com.exiu.tester.carowener.my.Test027_Personalinformation_Favorites"/>
</testsuite> <!-- com.exiu.tester.carowener.my.Test027_Personalinformation_Favorites -->
