<?xml version="1.0" encoding="UTF-8"?>
<!-- Generated by org.testng.reporters.JUnitReportReporter -->
<testsuite skipped="0" hostname="banner.local" name="com.exiu.tester.carowener.home.Test009_RoadCondition" tests="1" failures="0" timestamp="02 六月 2017 09:10:55 GMT" time="36.848" errors="0">
  <testcase name="路况查询" time="36.848" classname="com.exiu.tester.carowener.home.Test009_RoadCondition"/>
</testsuite> <!-- com.exiu.tester.carowener.home.Test009_RoadCondition -->
