<?xml version="1.0" encoding="UTF-8"?>
<!-- Generated by org.testng.reporters.JUnitReportReporter -->
<testsuite skipped="0" hostname="banner.local" name="com.exiu.tester.carowener.home.Test005_TroubleConsultation" tests="1" failures="0" timestamp="31 五月 2017 06:52:21 GMT" time="96.277" errors="0">
  <testcase name="故障咨询" time="96.277" classname="com.exiu.tester.carowener.home.Test005_TroubleConsultation"/>
</testsuite> <!-- com.exiu.tester.carowener.home.Test005_TroubleConsultation -->
