<?xml version="1.0" encoding="UTF-8"?>
<!-- Generated by org.testng.reporters.JUnitReportReporter -->
<testsuite skipped="0" hostname="banner.local" name="com.exiu.tester.carowener.home.Test018_QuickPayment" tests="1" failures="0" timestamp="19 六月 2017 11:44:57 GMT" time="83.962" errors="0">
  <testcase name="快捷付款_搜索" time="83.962" classname="com.exiu.tester.carowener.home.Test018_QuickPayment"/>
</testsuite> <!-- com.exiu.tester.carowener.home.Test018_QuickPayment -->
