<?xml version="1.0" encoding="UTF-8"?>
<!-- Generated by org.testng.reporters.JUnitReportReporter -->
<testsuite skipped="0" hostname="banner.local" name="com.exiu.tester.carowener.sharecarpool.Test040_PeopleLookingForCars" tests="1" failures="0" timestamp="17 七月 2017 03:22:59 GMT" time="109.666" errors="0">
  <testcase name="人找车" time="109.666" classname="com.exiu.tester.carowener.sharecarpool.Test040_PeopleLookingForCars"/>
</testsuite> <!-- com.exiu.tester.carowener.sharecarpool.Test040_PeopleLookingForCars -->
