<?xml version="1.0" encoding="UTF-8"?>
<!-- Generated by org.testng.reporters.JUnitReportReporter -->
<testsuite skipped="0" hostname="banner.local" name="com.exiu.tester.carowener.home.Test017_CarServerOther" tests="6" failures="0" timestamp="09 六月 2017 05:55:30 GMT" time="224.524" errors="0">
  <testcase name="汽车改装" time="29.386" classname="com.exiu.tester.carowener.home.Test017_CarServerOther"/>
  <testcase name="换油中心" time="27.551" classname="com.exiu.tester.carowener.home.Test017_CarServerOther"/>
  <testcase name="变速箱" time="27.103" classname="com.exiu.tester.carowener.home.Test017_CarServerOther"/>
  <testcase name="蓄电池" time="26.351" classname="com.exiu.tester.carowener.home.Test017_CarServerOther"/>
  <testcase name="外观修复" time="26.467" classname="com.exiu.tester.carowener.home.Test017_CarServerOther"/>
  <testcase name="汽车玻璃" time="87.666" classname="com.exiu.tester.carowener.home.Test017_CarServerOther"/>
</testsuite> <!-- com.exiu.tester.carowener.home.Test017_CarServerOther -->
