<?xml version="1.0" encoding="UTF-8"?>
<!-- Generated by org.testng.reporters.JUnitReportReporter -->
<testsuite skipped="0" hostname="banner.local" name="com.exiu.tester.carowener.home.Test010_Bus" tests="1" failures="0" timestamp="06 六月 2017 08:49:25 GMT" time="41.404" errors="0">
  <testcase name="公交出行" time="41.404" classname="com.exiu.tester.carowener.home.Test010_Bus"/>
</testsuite> <!-- com.exiu.tester.carowener.home.Test010_Bus -->
