<?xml version="1.0" encoding="UTF-8"?>
<!-- Generated by org.testng.reporters.JUnitReportReporter -->
<testsuite skipped="0" hostname="banner.local" name="com.exiu.tester.carowener.my.Test032_MyIncome" tests="1" failures="0" timestamp="30 六月 2017 11:08:53 GMT" time="54.255" errors="0">
  <testcase name="我的收益" time="54.255" classname="com.exiu.tester.carowener.my.Test032_MyIncome"/>
</testsuite> <!-- com.exiu.tester.carowener.my.Test032_MyIncome -->
