<?xml version="1.0" encoding="UTF-8"?>
<!-- Generated by org.testng.reporters.JUnitReportReporter -->
<testsuite skipped="0" hostname="banner.local" name="com.exiu.tester.carowener.Chatting.Test039_Webcast" tests="1" failures="0" timestamp="17 七月 2017 08:35:40 GMT" time="92.483" errors="0">
  <testcase name="网络直播" time="92.483" classname="com.exiu.tester.carowener.Chatting.Test039_Webcast"/>
</testsuite> <!-- com.exiu.tester.carowener.Chatting.Test039_Webcast -->
