<?xml version="1.0" encoding="UTF-8"?>
<!-- Generated by org.testng.reporters.JUnitReportReporter -->
<testsuite skipped="0" hostname="banner.local" name="com.exiu.tester.carowener.my.Test028_Personalinformation_InsuranceOrder" tests="1" failures="0" timestamp="30 六月 2017 02:10:05 GMT" time="45.616" errors="0">
  <testcase name="保险订单" time="45.616" classname="com.exiu.tester.carowener.my.Test028_Personalinformation_InsuranceOrder"/>
</testsuite> <!-- com.exiu.tester.carowener.my.Test028_Personalinformation_InsuranceOrder -->
